{"message":"Logger initialized","level":"info","timestamp":"2020-11-18T16:43:33.008Z"}
{"message":"App started successfully.","level":"info","timestamp":"2020-11-18T16:43:33.010Z"}
{"message":"Logger initialized","level":"info","timestamp":"2020-11-18T16:44:24.315Z"}
{"message":"App started successfully.","level":"info","timestamp":"2020-11-18T16:44:24.317Z"}
{"message":"Logger initialized","level":"info","timestamp":"2020-11-18T16:44:40.128Z"}
{"message":"App started successfully.","level":"info","timestamp":"2020-11-18T16:44:40.130Z"}
{"message":"Logger initialized","level":"info","timestamp":"2020-11-18T16:46:44.275Z"}
{"message":"Databse connected.","level":"info","timestamp":"2020-11-18T16:46:44.892Z"}
{"message":"Logger initialized","level":"info","timestamp":"2020-11-18T16:47:29.916Z"}
{"message":"Databse connected.","level":"info","timestamp":"2020-11-18T16:47:30.451Z"}
{"message":"Logger initialized","level":"info","timestamp":"2020-11-18T17:02:33.427Z"}
{"message":"Databse connected.","level":"info","timestamp":"2020-11-18T17:02:34.062Z"}
{"message":"Logger initialized","level":"info","timestamp":"2020-11-18T17:03:48.451Z"}
{"message":"Databse connected.","level":"info","timestamp":"2020-11-18T17:03:49.041Z"}
{"level":"error","timestamp":"2020-11-18T17:11:01.207Z"}
{"message":"Logger initialized","level":"info","timestamp":"2020-11-18T17:13:22.633Z"}
{"message":"Databse connected.","level":"info","timestamp":"2020-11-18T17:13:23.258Z"}
{"level":"error","timestamp":"2020-11-18T17:13:36.474Z"}
{"message":"Logger initialized","level":"info","timestamp":"2020-11-18T17:14:10.637Z"}
{"message":"Databse connected.","level":"info","timestamp":"2020-11-18T17:14:11.183Z"}
{"level":"error","timestamp":"2020-11-18T17:14:16.116Z"}
{"message":"Logger initialized","level":"info","timestamp":"2020-11-18T17:15:11.516Z"}
{"message":"Databse connected.","level":"info","timestamp":"2020-11-18T17:15:12.126Z"}
{"level":"error","timestamp":"2020-11-18T17:15:22.966Z"}
{"message":"Logger initialized","level":"info","timestamp":"2020-11-18T17:15:54.618Z"}
{"message":"Databse connected.","level":"info","timestamp":"2020-11-18T17:15:55.128Z"}
{"level":"error","timestamp":"2020-11-18T17:16:08.776Z"}
{"message":"Logger initialized","level":"info","timestamp":"2020-11-18T17:16:26.848Z"}
{"message":"Databse connected.","level":"info","timestamp":"2020-11-18T17:16:27.431Z"}
{"message":"Logger initialized","level":"info","timestamp":"2020-11-18T17:17:27.527Z"}
{"message":"Databse connected.","level":"info","timestamp":"2020-11-18T17:17:28.213Z"}
{"level":"error","timestamp":"2020-11-18T17:17:35.045Z"}
{"message":"Logger initialized","level":"info","timestamp":"2020-11-18T17:18:03.036Z"}
{"message":"Databse connected.","level":"info","timestamp":"2020-11-18T17:18:03.566Z"}
{"message":"ReferenceError: crypto is not defined","level":"error","timestamp":"2020-11-18T17:18:08.223Z"}
{"message":"Logger initialized","level":"info","timestamp":"2020-11-18T17:18:28.156Z"}
{"message":"Databse connected.","level":"info","timestamp":"2020-11-18T17:18:28.717Z"}
{"message":"Logger initialized","level":"info","timestamp":"2020-11-18T17:18:46.154Z"}
{"message":"Databse connected.","level":"info","timestamp":"2020-11-18T17:18:46.710Z"}
{"message":"ReferenceError: body is not defined","level":"error","timestamp":"2020-11-18T17:18:50.825Z"}
{"message":"Logger initialized","level":"info","timestamp":"2020-11-18T17:19:23.079Z"}
{"message":"Databse connected.","level":"info","timestamp":"2020-11-18T17:19:23.567Z"}
{"message":"Logger initialized","level":"info","timestamp":"2020-11-18T17:19:44.678Z"}
{"message":"Databse connected.","level":"info","timestamp":"2020-11-18T17:19:45.255Z"}
{"message":"Logger initialized","level":"info","timestamp":"2020-11-18T17:22:29.145Z"}
{"message":"Databse connected.","level":"info","timestamp":"2020-11-18T17:22:29.777Z"}
{"message":"Logger initialized","level":"info","timestamp":"2020-11-18T17:25:54.990Z"}
{"message":"Databse connected.","level":"info","timestamp":"2020-11-18T17:25:55.659Z"}
{"message":"Logger initialized","level":"info","timestamp":"2020-11-18T17:26:15.025Z"}
{"message":"Databse connected.","level":"info","timestamp":"2020-11-18T17:26:15.529Z"}
{"message":"Logger initialized","level":"info","timestamp":"2020-11-18T17:26:39.996Z"}
{"message":"Databse connected.","level":"info","timestamp":"2020-11-18T17:26:40.500Z"}
{"message":"Logger initialized","level":"info","timestamp":"2020-11-18T17:26:45.413Z"}
{"message":"Databse connected.","level":"info","timestamp":"2020-11-18T17:26:45.937Z"}
{"message":"Logger initialized","level":"info","timestamp":"2020-11-18T17:29:25.466Z"}
{"message":"Databse connected.","level":"info","timestamp":"2020-11-18T17:29:26.315Z"}
{"message":"Logger initialized","level":"info","timestamp":"2020-11-18T17:29:35.172Z"}
{"message":"Databse connected.","level":"info","timestamp":"2020-11-18T17:29:35.682Z"}
{"message":"Logger initialized","level":"info","timestamp":"2020-11-18T17:29:53.777Z"}
{"message":"Databse connected.","level":"info","timestamp":"2020-11-18T17:29:54.275Z"}
{"message":"Logger initialized","level":"info","timestamp":"2020-11-18T17:35:51.507Z"}
{"message":"Databse connected.","level":"info","timestamp":"2020-11-18T17:35:52.114Z"}
{"message":"Logger initialized","level":"info","timestamp":"2020-11-18T17:37:52.812Z"}
{"message":"Databse connected.","level":"info","timestamp":"2020-11-18T17:37:53.833Z"}
{"message":"Logger initialized","level":"info","timestamp":"2020-11-18T17:38:13.737Z"}
{"message":"Databse connected.","level":"info","timestamp":"2020-11-18T17:38:14.230Z"}
{"message":"Logger initialized","level":"info","timestamp":"2020-11-18T17:38:31.713Z"}
{"message":"Databse connected.","level":"info","timestamp":"2020-11-18T17:38:32.207Z"}
{"message":"Logger initialized","level":"info","timestamp":"2020-11-18T18:37:56.415Z"}
{"message":"Databse connected.","level":"info","timestamp":"2020-11-18T18:37:57.036Z"}
{"message":"Logger initialized","level":"info","timestamp":"2020-11-18T18:40:32.003Z"}
{"message":"Databse connected.","level":"info","timestamp":"2020-11-18T18:40:32.806Z"}
{"message":"Logger initialized","level":"info","timestamp":"2020-11-18T18:40:35.279Z"}
{"message":"Databse connected.","level":"info","timestamp":"2020-11-18T18:40:35.826Z"}
{"message":"Logger initialized","level":"info","timestamp":"2020-11-18T18:41:02.893Z"}
{"message":"Databse connected.","level":"info","timestamp":"2020-11-18T18:41:03.391Z"}
{"message":"Logger initialized","level":"info","timestamp":"2020-11-18T18:43:50.348Z"}
{"message":"Databse connected.","level":"info","timestamp":"2020-11-18T18:43:50.961Z"}
{"message":"Logger initialized","level":"info","timestamp":"2020-11-18T18:53:18.060Z"}
{"message":"Databse connected.","level":"info","timestamp":"2020-11-18T18:53:18.711Z"}
{"message":"Logger initialized","level":"info","timestamp":"2020-11-18T19:00:37.928Z"}
{"message":"Databse connected.","level":"info","timestamp":"2020-11-18T19:00:38.532Z"}
{"message":"Logger initialized","level":"info","timestamp":"2020-11-18T19:04:38.942Z"}
{"message":"Databse connected.","level":"info","timestamp":"2020-11-18T19:04:39.579Z"}
{"message":"Logger initialized","level":"info","timestamp":"2020-11-18T19:07:55.187Z"}
{"message":"Databse connected.","level":"info","timestamp":"2020-11-18T19:07:56.035Z"}
{"message":"Logger initialized","level":"info","timestamp":"2020-11-18T19:10:44.103Z"}
{"message":"Databse connected.","level":"info","timestamp":"2020-11-18T19:10:44.726Z"}
{"message":"Logger initialized","level":"info","timestamp":"2020-11-18T19:11:25.245Z"}
{"message":"Databse connected.","level":"info","timestamp":"2020-11-18T19:11:25.738Z"}
{"message":"Logger initialized","level":"info","timestamp":"2020-11-18T19:12:27.857Z"}
{"message":"Databse connected.","level":"info","timestamp":"2020-11-18T19:12:28.496Z"}
{"message":"Logger initialized","level":"info","timestamp":"2020-11-18T19:12:40.745Z"}
{"message":"Databse connected.","level":"info","timestamp":"2020-11-18T19:12:41.256Z"}
{"message":"Logger initialized","level":"info","timestamp":"2020-11-18T19:12:48.107Z"}
{"message":"Databse connected.","level":"info","timestamp":"2020-11-18T19:12:48.604Z"}
{"message":"Logger initialized","level":"info","timestamp":"2020-11-18T19:12:49.317Z"}
{"message":"Databse connected.","level":"info","timestamp":"2020-11-18T19:12:49.804Z"}
{"message":"Logger initialized","level":"info","timestamp":"2020-11-18T19:13:29.469Z"}
{"message":"Databse connected.","level":"info","timestamp":"2020-11-18T19:13:30.271Z"}
{"message":"Logger initialized","level":"info","timestamp":"2020-11-18T19:14:01.650Z"}
{"message":"Databse connected.","level":"info","timestamp":"2020-11-18T19:14:02.191Z"}
{"message":"Logger initialized","level":"info","timestamp":"2020-11-18T19:14:56.208Z"}
{"message":"Databse connected.","level":"info","timestamp":"2020-11-18T19:14:57.753Z"}
{"message":"Logger initialized","level":"info","timestamp":"2020-11-18T19:15:53.565Z"}
{"message":"Databse connected.","level":"info","timestamp":"2020-11-18T19:15:54.100Z"}
{"message":"Logger initialized","level":"info","timestamp":"2020-11-18T19:17:15.495Z"}
{"message":"Databse connected.","level":"info","timestamp":"2020-11-18T19:17:16.129Z"}
{"message":"Logger initialized","level":"info","timestamp":"2020-11-18T19:19:27.386Z"}
{"message":"Databse connected.","level":"info","timestamp":"2020-11-18T19:19:28.017Z"}
{"message":"Logger initialized","level":"info","timestamp":"2020-11-18T19:20:04.089Z"}
{"message":"Databse connected.","level":"info","timestamp":"2020-11-18T19:20:04.620Z"}
{"message":"Logger initialized","level":"info","timestamp":"2020-11-18T19:20:18.357Z"}
{"message":"Databse connected.","level":"info","timestamp":"2020-11-18T19:20:18.845Z"}
{"message":"Logger initialized","level":"info","timestamp":"2020-11-18T19:20:45.346Z"}
{"message":"Databse connected.","level":"info","timestamp":"2020-11-18T19:20:46.026Z"}
{"message":"Logger initialized","level":"info","timestamp":"2020-11-18T19:20:55.891Z"}
{"message":"Databse connected.","level":"info","timestamp":"2020-11-18T19:20:57.280Z"}
{"message":"Logger initialized","level":"info","timestamp":"2020-11-18T19:21:23.444Z"}
{"message":"Databse connected.","level":"info","timestamp":"2020-11-18T19:21:23.953Z"}
{"message":"Logger initialized","level":"info","timestamp":"2020-11-18T19:21:50.846Z"}
{"message":"Databse connected.","level":"info","timestamp":"2020-11-18T19:21:51.418Z"}
{"message":"Logger initialized","level":"info","timestamp":"2020-11-18T19:22:06.097Z"}
{"message":"Databse connected.","level":"info","timestamp":"2020-11-18T19:22:06.629Z"}
{"message":"Logger initialized","level":"info","timestamp":"2020-11-18T19:23:16.408Z"}
{"message":"Databse connected.","level":"info","timestamp":"2020-11-18T19:23:17.000Z"}
{"message":"Logger initialized","level":"info","timestamp":"2020-11-18T19:23:28.032Z"}
{"message":"Databse connected.","level":"info","timestamp":"2020-11-18T19:23:28.610Z"}
{"message":"Logger initialized","level":"info","timestamp":"2020-11-18T19:23:59.421Z"}
{"message":"Databse connected.","level":"info","timestamp":"2020-11-18T19:24:00.471Z"}
{"message":"Logger initialized","level":"info","timestamp":"2020-11-18T19:24:12.282Z"}
{"message":"Databse connected.","level":"info","timestamp":"2020-11-18T19:24:12.808Z"}
{"message":"Logger initialized","level":"info","timestamp":"2020-11-18T19:24:30.958Z"}
{"message":"Databse connected.","level":"info","timestamp":"2020-11-18T19:24:31.530Z"}
{"message":"Logger initialized","level":"info","timestamp":"2020-11-18T19:26:28.656Z"}
{"message":"Databse connected.","level":"info","timestamp":"2020-11-18T19:26:29.309Z"}
{"message":"Logger initialized","level":"info","timestamp":"2020-11-18T19:27:08.710Z"}
{"message":"Databse connected.","level":"info","timestamp":"2020-11-18T19:27:09.195Z"}
{"message":"Logger initialized","level":"info","timestamp":"2020-11-18T19:27:44.902Z"}
{"message":"Databse connected.","level":"info","timestamp":"2020-11-18T19:27:45.471Z"}
{"message":"Logger initialized","level":"info","timestamp":"2020-11-18T19:27:53.436Z"}
{"message":"Databse connected.","level":"info","timestamp":"2020-11-18T19:27:53.963Z"}
{"message":"Logger initialized","level":"info","timestamp":"2020-11-18T19:27:58.542Z"}
{"message":"Databse connected.","level":"info","timestamp":"2020-11-18T19:28:00.270Z"}
{"message":"Logger initialized","level":"info","timestamp":"2020-11-18T19:34:09.034Z"}
{"message":"Databse connected.","level":"info","timestamp":"2020-11-18T19:34:09.661Z"}
{"message":"Logger initialized","level":"info","timestamp":"2020-11-18T19:34:20.610Z"}
{"message":"Databse connected.","level":"info","timestamp":"2020-11-18T19:34:21.101Z"}
{"message":"Logger initialized","level":"info","timestamp":"2020-11-18T19:35:04.981Z"}
{"message":"Databse connected.","level":"info","timestamp":"2020-11-18T19:35:05.471Z"}
{"message":"Logger initialized","level":"info","timestamp":"2020-11-18T19:35:15.293Z"}
{"message":"Databse connected.","level":"info","timestamp":"2020-11-18T19:35:15.870Z"}
{"message":"Logger initialized","level":"info","timestamp":"2020-11-18T19:36:39.658Z"}
{"message":"Databse connected.","level":"info","timestamp":"2020-11-18T19:36:40.265Z"}
